{
    "/home/nikolay/frontend-project-lvl2/src/index.js": {
        "path": "/home/nikolay/frontend-project-lvl2/src/index.js",
        "statementMap": {
            "0": {
                "start": { "line": 4, "column": 14 },
                "end": { "line": 8, "column": 1 }
            },
            "1": {
                "start": { "line": 9, "column": 14 },
                "end": { "line": 13, "column": 1 }
            },
            "2": {
                "start": { "line": 14, "column": 16 },
                "end": { "line": 55, "column": 1 }
            },
            "3": {
                "start": { "line": 15, "column": 17 },
                "end": { "line": 15, "column": 19 }
            },
            "4": {
                "start": { "line": 16, "column": 19 },
                "end": { "line": 16, "column": 40 }
            },
            "5": {
                "start": { "line": 17, "column": 19 },
                "end": { "line": 17, "column": 40 }
            },
            "6": {
                "start": { "line": 18, "column": 21 },
                "end": { "line": 18, "column": 29 }
            },
            "7": {
                "start": { "line": 19, "column": 21 },
                "end": { "line": 19, "column": 29 }
            },
            "8": {
                "start": { "line": 20, "column": 2 },
                "end": { "line": 50, "column": 5 }
            },
            "9": {
                "start": { "line": 21, "column": 27 },
                "end": { "line": 21, "column": 32 }
            },
            "10": {
                "start": { "line": 22, "column": 4 },
                "end": { "line": 49, "column": 7 }
            },
            "11": {
                "start": { "line": 23, "column": 29 },
                "end": { "line": 23, "column": 34 }
            },
            "12": {
                "start": { "line": 24, "column": 6 },
                "end": { "line": 26, "column": 7 }
            },
            "13": {
                "start": { "line": 25, "column": 8 },
                "end": { "line": 25, "column": 53 }
            },
            "14": {
                "start": { "line": 27, "column": 6 },
                "end": { "line": 35, "column": 7 }
            },
            "15": {
                "start": { "line": 31, "column": 8 },
                "end": { "line": 34, "column": 10 }
            },
            "16": {
                "start": { "line": 36, "column": 6 },
                "end": { "line": 41, "column": 7 }
            },
            "17": {
                "start": { "line": 40, "column": 8 },
                "end": { "line": 40, "column": 53 }
            },
            "18": {
                "start": { "line": 42, "column": 6 },
                "end": { "line": 47, "column": 7 }
            },
            "19": {
                "start": { "line": 46, "column": 8 },
                "end": { "line": 46, "column": 53 }
            },
            "20": {
                "start": { "line": 48, "column": 6 },
                "end": { "line": 48, "column": 20 }
            },
            "21": {
                "start": { "line": 52, "column": 20 },
                "end": { "line": 52, "column": 76 }
            },
            "22": {
                "start": { "line": 52, "column": 51 },
                "end": { "line": 52, "column": 71 }
            },
            "23": {
                "start": { "line": 53, "column": 13 },
                "end": { "line": 53, "column": 18 }
            },
            "24": {
                "start": { "line": 54, "column": 2 },
                "end": { "line": 54, "column": 37 }
            }
        },
        "fnMap": {
            "0": {
                "name": "(anonymous_0)",
                "decl": {
                    "start": { "line": 14, "column": 16 },
                    "end": { "line": 14, "column": 17 }
                },
                "loc": {
                    "start": { "line": 14, "column": 22 },
                    "end": { "line": 55, "column": 1 }
                },
                "line": 14
            },
            "1": {
                "name": "(anonymous_1)",
                "decl": {
                    "start": { "line": 20, "column": 15 },
                    "end": { "line": 20, "column": 16 }
                },
                "loc": {
                    "start": { "line": 20, "column": 26 },
                    "end": { "line": 50, "column": 3 }
                },
                "line": 20
            },
            "2": {
                "name": "(anonymous_2)",
                "decl": {
                    "start": { "line": 22, "column": 24 },
                    "end": { "line": 22, "column": 25 }
                },
                "loc": {
                    "start": { "line": 22, "column": 35 },
                    "end": { "line": 49, "column": 5 }
                },
                "line": 22
            },
            "3": {
                "name": "(anonymous_3)",
                "decl": {
                    "start": { "line": 52, "column": 40 },
                    "end": { "line": 52, "column": 41 }
                },
                "loc": {
                    "start": { "line": 52, "column": 51 },
                    "end": { "line": 52, "column": 71 }
                },
                "line": 52
            }
        },
        "branchMap": {
            "0": {
                "loc": {
                    "start": { "line": 24, "column": 6 },
                    "end": { "line": 26, "column": 7 }
                },
                "type": "if",
                "locations": [
                    {
                        "start": { "line": 24, "column": 6 },
                        "end": { "line": 26, "column": 7 }
                    },
                    {
                        "start": { "line": 24, "column": 6 },
                        "end": { "line": 26, "column": 7 }
                    }
                ],
                "line": 24
            },
            "1": {
                "loc": {
                    "start": { "line": 27, "column": 6 },
                    "end": { "line": 35, "column": 7 }
                },
                "type": "if",
                "locations": [
                    {
                        "start": { "line": 27, "column": 6 },
                        "end": { "line": 35, "column": 7 }
                    },
                    {
                        "start": { "line": 27, "column": 6 },
                        "end": { "line": 35, "column": 7 }
                    }
                ],
                "line": 27
            },
            "2": {
                "loc": {
                    "start": { "line": 28, "column": 8 },
                    "end": { "line": 29, "column": 58 }
                },
                "type": "binary-expr",
                "locations": [
                    {
                        "start": { "line": 28, "column": 8 },
                        "end": { "line": 28, "column": 43 }
                    },
                    {
                        "start": { "line": 29, "column": 19 },
                        "end": { "line": 29, "column": 58 }
                    }
                ],
                "line": 28
            },
            "3": {
                "loc": {
                    "start": { "line": 36, "column": 6 },
                    "end": { "line": 41, "column": 7 }
                },
                "type": "if",
                "locations": [
                    {
                        "start": { "line": 36, "column": 6 },
                        "end": { "line": 41, "column": 7 }
                    },
                    {
                        "start": { "line": 36, "column": 6 },
                        "end": { "line": 41, "column": 7 }
                    }
                ],
                "line": 36
            },
            "4": {
                "loc": {
                    "start": { "line": 37, "column": 8 },
                    "end": { "line": 38, "column": 61 }
                },
                "type": "binary-expr",
                "locations": [
                    {
                        "start": { "line": 37, "column": 8 },
                        "end": { "line": 37, "column": 40 }
                    },
                    {
                        "start": { "line": 38, "column": 19 },
                        "end": { "line": 38, "column": 61 }
                    }
                ],
                "line": 37
            },
            "5": {
                "loc": {
                    "start": { "line": 42, "column": 6 },
                    "end": { "line": 47, "column": 7 }
                },
                "type": "if",
                "locations": [
                    {
                        "start": { "line": 42, "column": 6 },
                        "end": { "line": 47, "column": 7 }
                    },
                    {
                        "start": { "line": 42, "column": 6 },
                        "end": { "line": 47, "column": 7 }
                    }
                ],
                "line": 42
            },
            "6": {
                "loc": {
                    "start": { "line": 43, "column": 8 },
                    "end": { "line": 44, "column": 61 }
                },
                "type": "binary-expr",
                "locations": [
                    {
                        "start": { "line": 43, "column": 8 },
                        "end": { "line": 43, "column": 40 }
                    },
                    {
                        "start": { "line": 44, "column": 19 },
                        "end": { "line": 44, "column": 61 }
                    }
                ],
                "line": 43
            },
            "7": {
                "loc": {
                    "start": { "line": 52, "column": 51 },
                    "end": { "line": 52, "column": 71 }
                },
                "type": "cond-expr",
                "locations": [
                    {
                        "start": { "line": 52, "column": 65 },
                        "end": { "line": 52, "column": 66 }
                    },
                    {
                        "start": { "line": 52, "column": 69 },
                        "end": { "line": 52, "column": 71 }
                    }
                ],
                "line": 52
            }
        },
        "s": {
            "0": 1,
            "1": 1,
            "2": 1,
            "3": 1,
            "4": 1,
            "5": 1,
            "6": 1,
            "7": 1,
            "8": 1,
            "9": 4,
            "10": 4,
            "11": 12,
            "12": 12,
            "13": 1,
            "14": 11,
            "15": 1,
            "16": 10,
            "17": 2,
            "18": 8,
            "19": 1,
            "20": 7,
            "21": 1,
            "22": 12,
            "23": 1,
            "24": 1
        },
        "f": { "0": 1, "1": 4, "2": 12, "3": 12 },
        "b": {
            "0": [1, 11],
            "1": [1, 10],
            "2": [11, 1],
            "3": [2, 8],
            "4": [10, 6],
            "5": [1, 7],
            "6": [8, 4],
            "7": [4, 8]
        },
        "_coverageSchema": "1a1c01bbd47fc00a2c39e90264f33305004495a9",
        "hash": "b252e720c84c59abadc33700d8b59d8cb36f74e1"
    }
}
