{"/home/nikolay/frontend-project-lvl2/src/index.js": {"path":"/home/nikolay/frontend-project-lvl2/src/index.js","statementMap":{"0":{"start":{"line":4,"column":14},"end":{"line":8,"column":1}},"1":{"start":{"line":9,"column":14},"end":{"line":13,"column":1}},"2":{"start":{"line":14,"column":16},"end":{"line":55,"column":1}},"3":{"start":{"line":15,"column":19},"end":{"line":15,"column":21}},"4":{"start":{"line":16,"column":21},"end":{"line":16,"column":42}},"5":{"start":{"line":17,"column":21},"end":{"line":17,"column":42}},"6":{"start":{"line":18,"column":23},"end":{"line":18,"column":31}},"7":{"start":{"line":19,"column":23},"end":{"line":19,"column":31}},"8":{"start":{"line":20,"column":4},"end":{"line":50,"column":6}},"9":{"start":{"line":21,"column":31},"end":{"line":21,"column":36}},"10":{"start":{"line":22,"column":8},"end":{"line":49,"column":10}},"11":{"start":{"line":23,"column":35},"end":{"line":23,"column":40}},"12":{"start":{"line":24,"column":12},"end":{"line":26,"column":13}},"13":{"start":{"line":25,"column":16},"end":{"line":25,"column":60}},"14":{"start":{"line":27,"column":12},"end":{"line":35,"column":13}},"15":{"start":{"line":31,"column":16},"end":{"line":34,"column":17}},"16":{"start":{"line":36,"column":12},"end":{"line":41,"column":13}},"17":{"start":{"line":40,"column":16},"end":{"line":40,"column":60}},"18":{"start":{"line":42,"column":12},"end":{"line":47,"column":13}},"19":{"start":{"line":46,"column":16},"end":{"line":46,"column":60}},"20":{"start":{"line":48,"column":12},"end":{"line":48,"column":25}},"21":{"start":{"line":52,"column":22},"end":{"line":52,"column":78}},"22":{"start":{"line":52,"column":53},"end":{"line":52,"column":73}},"23":{"start":{"line":53,"column":15},"end":{"line":53,"column":20}},"24":{"start":{"line":54,"column":4},"end":{"line":54,"column":38}}},"fnMap":{"0":{"name":"(anonymous_0)","decl":{"start":{"line":14,"column":16},"end":{"line":14,"column":17}},"loc":{"start":{"line":14,"column":22},"end":{"line":55,"column":1}},"line":14},"1":{"name":"(anonymous_1)","decl":{"start":{"line":20,"column":17},"end":{"line":20,"column":18}},"loc":{"start":{"line":20,"column":28},"end":{"line":50,"column":5}},"line":20},"2":{"name":"(anonymous_2)","decl":{"start":{"line":22,"column":28},"end":{"line":22,"column":29}},"loc":{"start":{"line":22,"column":39},"end":{"line":49,"column":9}},"line":22},"3":{"name":"(anonymous_3)","decl":{"start":{"line":52,"column":42},"end":{"line":52,"column":43}},"loc":{"start":{"line":52,"column":53},"end":{"line":52,"column":73}},"line":52}},"branchMap":{"0":{"loc":{"start":{"line":24,"column":12},"end":{"line":26,"column":13}},"type":"if","locations":[{"start":{"line":24,"column":12},"end":{"line":26,"column":13}},{"start":{"line":24,"column":12},"end":{"line":26,"column":13}}],"line":24},"1":{"loc":{"start":{"line":27,"column":12},"end":{"line":35,"column":13}},"type":"if","locations":[{"start":{"line":27,"column":12},"end":{"line":35,"column":13}},{"start":{"line":27,"column":12},"end":{"line":35,"column":13}}],"line":27},"2":{"loc":{"start":{"line":28,"column":16},"end":{"line":29,"column":55}},"type":"binary-expr","locations":[{"start":{"line":28,"column":16},"end":{"line":28,"column":51}},{"start":{"line":29,"column":16},"end":{"line":29,"column":55}}],"line":28},"3":{"loc":{"start":{"line":36,"column":12},"end":{"line":41,"column":13}},"type":"if","locations":[{"start":{"line":36,"column":12},"end":{"line":41,"column":13}},{"start":{"line":36,"column":12},"end":{"line":41,"column":13}}],"line":36},"4":{"loc":{"start":{"line":37,"column":16},"end":{"line":38,"column":58}},"type":"binary-expr","locations":[{"start":{"line":37,"column":16},"end":{"line":37,"column":48}},{"start":{"line":38,"column":16},"end":{"line":38,"column":58}}],"line":37},"5":{"loc":{"start":{"line":42,"column":12},"end":{"line":47,"column":13}},"type":"if","locations":[{"start":{"line":42,"column":12},"end":{"line":47,"column":13}},{"start":{"line":42,"column":12},"end":{"line":47,"column":13}}],"line":42},"6":{"loc":{"start":{"line":43,"column":16},"end":{"line":44,"column":58}},"type":"binary-expr","locations":[{"start":{"line":43,"column":16},"end":{"line":43,"column":48}},{"start":{"line":44,"column":16},"end":{"line":44,"column":58}}],"line":43},"7":{"loc":{"start":{"line":52,"column":53},"end":{"line":52,"column":73}},"type":"cond-expr","locations":[{"start":{"line":52,"column":67},"end":{"line":52,"column":68}},{"start":{"line":52,"column":71},"end":{"line":52,"column":73}}],"line":52}},"s":{"0":1,"1":1,"2":1,"3":1,"4":1,"5":1,"6":1,"7":1,"8":1,"9":4,"10":4,"11":12,"12":12,"13":1,"14":11,"15":1,"16":10,"17":2,"18":8,"19":1,"20":7,"21":1,"22":12,"23":1,"24":1},"f":{"0":1,"1":4,"2":12,"3":12},"b":{"0":[1,11],"1":[1,10],"2":[11,1],"3":[2,8],"4":[10,6],"5":[1,7],"6":[8,4],"7":[4,8]},"_coverageSchema":"1a1c01bbd47fc00a2c39e90264f33305004495a9","hash":"2592b9b44bbb0701c182b4ffe0d54d7e49268979"}
}
