TN:
SF:src/index.js
FN:14,(anonymous_0)
FN:20,(anonymous_1)
FN:22,(anonymous_2)
FN:52,(anonymous_3)
FNF:4
FNH:4
FNDA:1,(anonymous_0)
FNDA:4,(anonymous_1)
FNDA:12,(anonymous_2)
FNDA:12,(anonymous_3)
DA:4,1
DA:9,1
DA:14,1
DA:15,1
DA:16,1
DA:17,1
DA:18,1
DA:19,1
DA:20,1
DA:21,4
DA:22,4
DA:23,12
DA:24,12
DA:25,1
DA:27,11
DA:31,1
DA:36,10
DA:40,2
DA:42,8
DA:46,1
DA:48,7
DA:52,12
DA:53,1
DA:54,1
LF:24
LH:24
BRDA:24,0,0,1
BRDA:24,0,1,11
BRDA:27,1,0,1
BRDA:27,1,1,10
BRDA:28,2,0,11
BRDA:28,2,1,1
BRDA:36,3,0,2
BRDA:36,3,1,8
BRDA:37,4,0,10
BRDA:37,4,1,6
BRDA:42,5,0,1
BRDA:42,5,1,7
BRDA:43,6,0,8
BRDA:43,6,1,4
BRDA:52,7,0,4
BRDA:52,7,1,8
BRF:16
BRH:16
end_of_record
